<?xml version="1.0" encoding="UTF-8" ?>
<testsuite tests="11" failures="0" name="com.rpn.CalculatorTest" time="0.031" errors="0" skipped="0">
  <properties>
[...]
</properties>
  <testcase classname="com.rpn.CalculatorTest" name="test10" time="0.031"/>
  <testcase classname="com.rpn.CalculatorTest" name="test11" time="0"/>
  <testcase classname="com.rpn.CalculatorTest" name="test1" time="0"/>
  <testcase classname="com.rpn.CalculatorTest" name="test2" time="0"/>
  <testcase classname="com.rpn.CalculatorTest" name="test3" time="0"/>
  <testcase classname="com.rpn.CalculatorTest" name="test4" time="0"/>
  <testcase classname="com.rpn.CalculatorTest" name="test5" time="0"/>
  <testcase classname="com.rpn.CalculatorTest" name="test6" time="0"/>
  <testcase classname="com.rpn.CalculatorTest" name="test7" time="0"/>
  <testcase classname="com.rpn.CalculatorTest" name="test8" time="0"/>
  <testcase classname="com.rpn.CalculatorTest" name="test9" time="0"/>
</testsuite>